Start testing: Oct 16 16:33 CEST
----------------------------------------------------------
1/1 Testing: UnitShellTests
1/1 Test: UnitShellTests
Command: "/home/alexandre/documents/cours/2A/SEPC/sepc_tp2/tests/allShellTests.rb"
Directory: /home/alexandre/documents/cours/2A/SEPC/sepc_tp2/build
"UnitShellTests" start time: Oct 16 16:33 CEST
Output:
----------------------------------------------------------
Run options: 

# Running tests:

.....FFFFF

Finished tests in 5.122324s, 1.9522 tests/s, 2.3427 assertions/s.

  1) Failure:
test_inout(Test2InOut) [/home/alexandre/documents/cours/2A/SEPC/sepc_tp2/tests/testInOut.rb:27]:
sortie incohérente pour ls -l.
<nil> expected to not be nil.

  2) Failure:
test_inoutpipe(Test2InOut) [/home/alexandre/documents/cours/2A/SEPC/sepc_tp2/tests/testInOut.rb:50]:
cat titiExpect.txt titiExpect.txt n'a pas rendu deux fois le même entier à la suite.
<nil> expected to not be nil.

  3) Failure:
test_parallelisme(Test2InOut) [/home/alexandre/documents/cours/2A/SEPC/sepc_tp2/tests/testInOut.rb:63]:
le | ne semble pas parallèle.
<nil> expected to not be nil.

  4) Failure:
test_pipe(Test2InOut) [/home/alexandre/documents/cours/2A/SEPC/sepc_tp2/tests/testInOut.rb:42]:
sortie incohérente pour ls | wc -l.
<nil> expected to not be nil.

  5) Failure:
test_inout(Test3Jobs) [/home/alexandre/documents/cours/2A/SEPC/sepc_tp2/tests/testJobs.rb:27]:
jobs n'affiche pas le nom de la commande sleep.
<nil> expected to not be nil.

10 tests, 12 assertions, 5 failures, 0 errors, 0 skips
<end of output>
Test time =   5.20 sec
----------------------------------------------------------
Test Failed.
"UnitShellTests" end time: Oct 16 16:33 CEST
"UnitShellTests" time elapsed: 00:00:05
----------------------------------------------------------

End testing: Oct 16 16:33 CEST
